
> portal-bneinoach@0.1.0 dev
> next dev

▲ Next.js 16.2.10 (Turbopack)
- Local:         http://localhost:3000
- Network:       http://192.168.56.1:3000
- Environments: .env
✓ Ready in 918ms
⚠ The "middleware" file convention is deprecated. Please use "proxy" instead. Learn more: https://nextjs.org/docs/messages/middleware-to-proxy

 GET / 200 in 581ms (next.js: 217ms, proxy.ts: 77ms, application-code: 287ms)
 GET / 200 in 310ms (next.js: 16ms, proxy.ts: 29ms, application-code: 266ms)
 GET /api/branding 200 in 515ms (next.js: 477ms, proxy.ts: 21ms, application-code: 18ms)
 GET /api/auth/session 200 in 1698ms (next.js: 1650ms, proxy.ts: 15ms, application-code: 33ms)
 GET /api/auth/session 200 in 50ms (next.js: 29ms, proxy.ts: 9ms, application-code: 12ms)
 GET /about 200 in 107ms (next.js: 50ms, proxy.ts: 15ms, application-code: 42ms)
 GET / 200 in 39ms (next.js: 8ms, proxy.ts: 8ms, application-code: 23ms)
 GET /communities 200 in 76ms (next.js: 44ms, proxy.ts: 8ms, application-code: 23ms)
prisma:query SELECT "public"."Tenant"."id", "public"."Tenant"."slug", "public"."Tenant"."isActive" FROM "public"."Tenant" WHERE ("public"."Tenant"."slug" = $1 AND 1=1) LIMIT $2 OFFSET $3
prisma:query SELECT "public"."Community"."id", "public"."Community"."name", "public"."Community"."slug", "public"."Community"."description", "public"."Community"."city", "public"."Community"."state", "public"."Community"."logoUrl", "public"."Community"."coverImageUrl", "public"."Community"."phone", "public"."Community"."email", "public"."Community"."whatsappLink", "public"."Community"."meetingSchedule", COALESCE("aggr_selection_0_CommunityMember"."_aggr_count_members", 0) AS "_aggr_count_members", COALESCE("aggr_selection_1_Event"."_aggr_count_events", 0) AS "_aggr_count_events", COALESCE("aggr_selection_2_StudyMaterial"."_aggr_count_studies", 0) AS "_aggr_count_studies" FROM "public"."Community" LEFT JOIN (SELECT "public"."CommunityMember"."communityId", COUNT(*) AS "_aggr_count_members" FROM "public"."CommunityMember" WHERE 1=1 GROUP BY "public"."CommunityMember"."communityId") AS "aggr_selection_0_CommunityMember" ON ("public"."Community"."id" = "aggr_selection_0_CommunityMember"."communityId") LEFT JOIN (SELECT "public"."Event"."communityId", COUNT(*) AS "_aggr_count_events" FROM "public"."Event" WHERE 1=1 GROUP BY "public"."Event"."communityId") AS "aggr_selection_1_Event" ON ("public"."Community"."id" = "aggr_selection_1_Event"."communityId") LEFT JOIN (SELECT "public"."StudyMaterial"."communityId", COUNT(*) AS "_aggr_count_studies" FROM "public"."StudyMaterial" WHERE 1=1 GROUP BY "public"."StudyMaterial"."communityId") AS "aggr_selection_2_StudyMaterial" ON ("public"."Community"."id" = "aggr_selection_2_StudyMaterial"."communityId") WHERE ("public"."Community"."tenantId" = $1 AND "public"."Community"."isActive" = $2) ORDER BY "public"."Community"."name" ASC OFFSET $3
 GET /api/trpc/community.list?batch=1&input=%7B%220%22%3A%7B%22json%22%3Anull%2C%22meta%22%3A%7B%22values%22%3A%5B%22undefined%22%5D%2C%22v%22%3A1%7D%7D%7D 200 in 1655ms (next.js: 1219ms, proxy.ts: 8ms, application-code: 427ms)
 GET /events 200 in 107ms (next.js: 69ms, proxy.ts: 9ms, application-code: 29ms)
prisma:query SELECT "public"."Tenant"."id", "public"."Tenant"."slug", "public"."Tenant"."isActive" FROM "public"."Tenant" WHERE ("public"."Tenant"."slug" = $1 AND 1=1) LIMIT $2 OFFSET $3
prisma:query SELECT "public"."Event"."id", "public"."Event"."title", "public"."Event"."description", "public"."Event"."dateTime", "public"."Event"."endTime", "public"."Event"."location", "public"."Event"."eventType"::text, "public"."Event"."isLiveStream", "public"."Event"."maxAttendees", "public"."Event"."communityId", COALESCE("aggr_selection_0_EventRegistration"."_aggr_count_registrations", 0) AS "_aggr_count_registrations" FROM "public"."Event" LEFT JOIN (SELECT "public"."EventRegistration"."eventId", COUNT(*) AS "_aggr_count_registrations" FROM "public"."EventRegistration" WHERE 1=1 GROUP BY "public"."EventRegistration"."eventId") AS "aggr_selection_0_EventRegistration" ON ("public"."Event"."id" = "aggr_selection_0_EventRegistration"."eventId") WHERE ("public"."Event"."tenantId" = $1 AND "public"."Event"."isActive" = $2 AND "public"."Event"."dateTime" >= $3) ORDER BY "public"."Event"."dateTime" ASC LIMIT $4 OFFSET $5
prisma:query SELECT "public"."Community"."id", "public"."Community"."name", "public"."Community"."slug" FROM "public"."Community" WHERE "public"."Community"."id" IN ($1,$2,$3,$4) OFFSET $5
 GET /api/trpc/event.list?batch=1&input=%7B%220%22%3A%7B%22json%22%3A%7B%22upcoming%22%3Atrue%2C%22limit%22%3A30%7D%7D%7D 200 in 135ms (next.js: 18ms, proxy.ts: 10ms, application-code: 107ms)
 GET /events/cmrsci3tc00072guuf5x9cezo 404 in 78ms (next.js: 50ms, proxy.ts: 5ms, application-code: 23ms)
 GET /events/cmrsci3tc00072guuf5x9cezo 404 in 68ms (next.js: 12ms, proxy.ts: 5ms, application-code: 52ms)
 GET /api/branding 200 in 34ms (next.js: 19ms, proxy.ts: 8ms, application-code: 6ms)
 GET /api/auth/session 200 in 57ms (next.js: 39ms, proxy.ts: 9ms, application-code: 9ms)
 GET /api/auth/session 200 in 30ms (next.js: 9ms, proxy.ts: 5ms, application-code: 16ms)
 GET /events 200 in 91ms (next.js: 6ms, proxy.ts: 4ms, application-code: 81ms)
 GET /api/branding 200 in 26ms (next.js: 12ms, proxy.ts: 6ms, application-code: 8ms)
 GET /api/auth/session 200 in 52ms (next.js: 39ms, proxy.ts: 6ms, application-code: 8ms)
 GET /api/auth/session 200 in 25ms (next.js: 14ms, proxy.ts: 4ms, application-code: 7ms)
prisma:query SELECT "public"."Tenant"."id", "public"."Tenant"."slug", "public"."Tenant"."isActive" FROM "public"."Tenant" WHERE ("public"."Tenant"."slug" = $1 AND 1=1) LIMIT $2 OFFSET $3
prisma:query SELECT "public"."Event"."id", "public"."Event"."title", "public"."Event"."description", "public"."Event"."dateTime", "public"."Event"."endTime", "public"."Event"."location", "public"."Event"."eventType"::text, "public"."Event"."isLiveStream", "public"."Event"."maxAttendees", "public"."Event"."communityId", COALESCE("aggr_selection_0_EventRegistration"."_aggr_count_registrations", 0) AS "_aggr_count_registrations" FROM "public"."Event" LEFT JOIN (SELECT "public"."EventRegistration"."eventId", COUNT(*) AS "_aggr_count_registrations" FROM "public"."EventRegistration" WHERE 1=1 GROUP BY "public"."EventRegistration"."eventId") AS "aggr_selection_0_EventRegistration" ON ("public"."Event"."id" = "aggr_selection_0_EventRegistration"."eventId") WHERE ("public"."Event"."tenantId" = $1 AND "public"."Event"."isActive" = $2 AND "public"."Event"."dateTime" >= $3) ORDER BY "public"."Event"."dateTime" ASC LIMIT $4 OFFSET $5
prisma:query SELECT "public"."Community"."id", "public"."Community"."name", "public"."Community"."slug" FROM "public"."Community" WHERE "public"."Community"."id" IN ($1,$2,$3,$4) OFFSET $5
 GET /api/trpc/event.list?batch=1&input=%7B%220%22%3A%7B%22json%22%3A%7B%22upcoming%22%3Atrue%2C%22limit%22%3A30%7D%7D%7D 200 in 125ms (next.js: 35ms, proxy.ts: 15ms, application-code: 75ms)
 GET /studies 200 in 85ms (next.js: 55ms, proxy.ts: 7ms, application-code: 23ms)
prisma:query SELECT "public"."Tenant"."id", "public"."Tenant"."slug", "public"."Tenant"."isActive" FROM "public"."Tenant" WHERE ("public"."Tenant"."slug" = $1 AND 1=1) LIMIT $2 OFFSET $3
prisma:query SELECT "public"."StudyCategory"."id", "public"."StudyCategory"."name", "public"."StudyCategory"."slug", "public"."StudyCategory"."description", "public"."StudyCategory"."order", COALESCE("aggr_selection_0_StudyMaterial"."_aggr_count_materials", 0) AS "_aggr_count_materials" FROM "public"."StudyCategory" LEFT JOIN (SELECT "public"."StudyMaterial"."categoryId", COUNT(*) AS "_aggr_count_materials" FROM "public"."StudyMaterial" WHERE 1=1 GROUP BY "public"."StudyMaterial"."categoryId") AS "aggr_selection_0_StudyMaterial" ON ("public"."StudyCategory"."id" = "aggr_selection_0_StudyMaterial"."categoryId") WHERE ("public"."StudyCategory"."tenantId" = $1 AND "public"."StudyCategory"."isActive" = $2) ORDER BY "public"."StudyCategory"."order" ASC OFFSET $3
prisma:query SELECT "public"."StudyMaterial"."id", "public"."StudyMaterial"."title", "public"."StudyMaterial"."description", "public"."StudyMaterial"."materialType"::text, "public"."StudyMaterial"."thumbnailUrl", "public"."StudyMaterial"."duration", "public"."StudyMaterial"."downloadCount", "public"."StudyMaterial"."createdAt", "public"."StudyMaterial"."categoryId", "public"."StudyMaterial"."uploadedById" FROM "public"."StudyMaterial" WHERE ("public"."StudyMaterial"."tenantId" = $1 AND "public"."StudyMaterial"."isPublic" = $2) ORDER BY "public"."StudyMaterial"."createdAt" DESC LIMIT $3 OFFSET $4
prisma:query SELECT "public"."StudyCategory"."id", "public"."StudyCategory"."name", "public"."StudyCategory"."slug" FROM "public"."StudyCategory" WHERE "public"."StudyCategory"."id" IN (NULL) OFFSET $1
prisma:query SELECT "public"."User"."id", "public"."User"."name" FROM "public"."User" WHERE "public"."User"."id" IN (NULL) OFFSET $1
 GET /api/trpc/study.categories,study.list?batch=1&input=%7B%220%22%3A%7B%22json%22%3Anull%2C%22meta%22%3A%7B%22values%22%3A%5B%22undefined%22%5D%2C%22v%22%3A1%7D%7D%2C%221%22%3A%7B%22json%22%3A%7B%22limit%22%3A50%7D%7D%7D 200 in 90ms (next.js: 16ms, proxy.ts: 7ms, application-code: 67ms)
 GET /ai 200 in 82ms (next.js: 47ms, proxy.ts: 7ms, application-code: 28ms)
prisma:query SELECT "public"."Tenant"."id", "public"."Tenant"."slug", "public"."Tenant"."isActive" FROM "public"."Tenant" WHERE ("public"."Tenant"."slug" = $1 AND 1=1) LIMIT $2 OFFSET $3
❌ tRPC failed on ai.listConversations: Você precisa estar logado para acessar este recurso.
 GET /api/trpc/ai.listConversations?batch=1&input=%7B%220%22%3A%7B%22json%22%3Anull%2C%22meta%22%3A%7B%22values%22%3A%5B%22undefined%22%5D%2C%22v%22%3A1%7D%7D%7D 401 in 89ms (next.js: 21ms, proxy.ts: 8ms, application-code: 60ms)
prisma:query SELECT "public"."Tenant"."id", "public"."Tenant"."slug", "public"."Tenant"."isActive" FROM "public"."Tenant" WHERE ("public"."Tenant"."slug" = $1 AND 1=1) LIMIT $2 OFFSET $3
❌ tRPC failed on ai.listConversations: Você precisa estar logado para acessar este recurso.
 GET /api/trpc/ai.listConversations?batch=1&input=%7B%220%22%3A%7B%22json%22%3Anull%2C%22meta%22%3A%7B%22values%22%3A%5B%22undefined%22%5D%2C%22v%22%3A1%7D%7D%7D 401 in 35ms (next.js: 14ms, proxy.ts: 3ms, application-code: 18ms)
prisma:query SELECT "public"."Tenant"."id", "public"."Tenant"."slug", "public"."Tenant"."isActive" FROM "public"."Tenant" WHERE ("public"."Tenant"."slug" = $1 AND 1=1) LIMIT $2 OFFSET $3
❌ tRPC failed on ai.createConversation: Você precisa estar logado para acessar este recurso.
 POST /api/trpc/ai.createConversation?batch=1 401 in 43ms (next.js: 14ms, proxy.ts: 13ms, application-code: 15ms)
prisma:query SELECT "public"."Tenant"."id", "public"."Tenant"."slug", "public"."Tenant"."isActive" FROM "public"."Tenant" WHERE ("public"."Tenant"."slug" = $1 AND 1=1) LIMIT $2 OFFSET $3
❌ tRPC failed on ai.createConversation: Você precisa estar logado para acessar este recurso.
 POST /api/trpc/ai.createConversation?batch=1 401 in 61ms (next.js: 23ms, proxy.ts: 9ms, application-code: 30ms)
prisma:query SELECT "public"."Tenant"."id", "public"."Tenant"."slug", "public"."Tenant"."isActive" FROM "public"."Tenant" WHERE ("public"."Tenant"."slug" = $1 AND 1=1) LIMIT $2 OFFSET $3
❌ tRPC failed on ai.createConversation: Você precisa estar logado para acessar este recurso.
 POST /api/trpc/ai.createConversation?batch=1 401 in 32ms (next.js: 7ms, proxy.ts: 3ms, application-code: 23ms)
prisma:query SELECT "public"."Tenant"."id", "public"."Tenant"."slug", "public"."Tenant"."isActive" FROM "public"."Tenant" WHERE ("public"."Tenant"."slug" = $1 AND 1=1) LIMIT $2 OFFSET $3
❌ tRPC failed on ai.createConversation: Você precisa estar logado para acessar este recurso.
 POST /api/trpc/ai.createConversation?batch=1 401 in 46ms (next.js: 19ms, proxy.ts: 10ms, application-code: 17ms)
prisma:query SELECT "public"."Tenant"."id", "public"."Tenant"."slug", "public"."Tenant"."isActive" FROM "public"."Tenant" WHERE ("public"."Tenant"."slug" = $1 AND 1=1) LIMIT $2 OFFSET $3
❌ tRPC failed on ai.createConversation: Você precisa estar logado para acessar este recurso.
 POST /api/trpc/ai.createConversation?batch=1 401 in 31ms (next.js: 6ms, proxy.ts: 3ms, application-code: 23ms)
prisma:query SELECT "public"."Tenant"."id", "public"."Tenant"."slug", "public"."Tenant"."isActive" FROM "public"."Tenant" WHERE ("public"."Tenant"."slug" = $1 AND 1=1) LIMIT $2 OFFSET $3
❌ tRPC failed on ai.createConversation: Você precisa estar logado para acessar este recurso.
 POST /api/trpc/ai.createConversation?batch=1 401 in 46ms (next.js: 20ms, proxy.ts: 8ms, application-code: 18ms)
prisma:query SELECT "public"."Tenant"."id", "public"."Tenant"."slug", "public"."Tenant"."isActive" FROM "public"."Tenant" WHERE ("public"."Tenant"."slug" = $1 AND 1=1) LIMIT $2 OFFSET $3
❌ tRPC failed on ai.createConversation: Você precisa estar logado para acessar este recurso.
 POST /api/trpc/ai.createConversation?batch=1 401 in 48ms (next.js: 13ms, proxy.ts: 8ms, application-code: 27ms)
prisma:query SELECT "public"."Tenant"."id", "public"."Tenant"."slug", "public"."Tenant"."isActive" FROM "public"."Tenant" WHERE ("public"."Tenant"."slug" = $1 AND 1=1) LIMIT $2 OFFSET $3
❌ tRPC failed on ai.createConversation: Você precisa estar logado para acessar este recurso.
 POST /api/trpc/ai.createConversation?batch=1 401 in 67ms (next.js: 25ms, proxy.ts: 9ms, application-code: 33ms)
prisma:query SELECT "public"."Tenant"."id", "public"."Tenant"."slug", "public"."Tenant"."isActive" FROM "public"."Tenant" WHERE ("public"."Tenant"."slug" = $1 AND 1=1) LIMIT $2 OFFSET $3
❌ tRPC failed on ai.createConversation: Você precisa estar logado para acessar este recurso.
 POST /api/trpc/ai.createConversation?batch=1 401 in 48ms (next.js: 23ms, proxy.ts: 9ms, application-code: 16ms)
 GET /ai 200 in 88ms (next.js: 6ms, proxy.ts: 5ms, application-code: 78ms)
 GET /api/branding 200 in 26ms (next.js: 11ms, proxy.ts: 10ms, application-code: 4ms)
 GET /api/auth/session 200 in 60ms (next.js: 26ms, proxy.ts: 9ms, application-code: 26ms)
prisma:query SELECT "public"."Tenant"."id", "public"."Tenant"."slug", "public"."Tenant"."isActive" FROM "public"."Tenant" WHERE ("public"."Tenant"."slug" = $1 AND 1=1) LIMIT $2 OFFSET $3
❌ tRPC failed on ai.listConversations: Você precisa estar logado para acessar este recurso.
 GET /api/trpc/ai.listConversations?batch=1&input=%7B%220%22%3A%7B%22json%22%3Anull%2C%22meta%22%3A%7B%22values%22%3A%5B%22undefined%22%5D%2C%22v%22%3A1%7D%7D%7D 401 in 66ms (next.js: 40ms, proxy.ts: 8ms, application-code: 18ms)
 GET /api/auth/session 200 in 23ms (next.js: 9ms, proxy.ts: 4ms, application-code: 10ms)
prisma:query SELECT "public"."Tenant"."id", "public"."Tenant"."slug", "public"."Tenant"."isActive" FROM "public"."Tenant" WHERE ("public"."Tenant"."slug" = $1 AND 1=1) LIMIT $2 OFFSET $3
❌ tRPC failed on ai.listConversations: Você precisa estar logado para acessar este recurso.
 GET /api/trpc/ai.listConversations?batch=1&input=%7B%220%22%3A%7B%22json%22%3Anull%2C%22meta%22%3A%7B%22values%22%3A%5B%22undefined%22%5D%2C%22v%22%3A1%7D%7D%7D 401 in 33ms (next.js: 8ms, proxy.ts: 4ms, application-code: 21ms)
prisma:query SELECT "public"."Tenant"."id", "public"."Tenant"."slug", "public"."Tenant"."isActive" FROM "public"."Tenant" WHERE ("public"."Tenant"."slug" = $1 AND 1=1) LIMIT $2 OFFSET $3
❌ tRPC failed on ai.createConversation: Você precisa estar logado para acessar este recurso.
 POST /api/trpc/ai.createConversation?batch=1 401 in 59ms (next.js: 19ms, proxy.ts: 10ms, application-code: 30ms)
prisma:query SELECT "public"."Tenant"."id", "public"."Tenant"."slug", "public"."Tenant"."isActive" FROM "public"."Tenant" WHERE ("public"."Tenant"."slug" = $1 AND 1=1) LIMIT $2 OFFSET $3
❌ tRPC failed on ai.createConversation: Você precisa estar logado para acessar este recurso.
 POST /api/trpc/ai.createConversation?batch=1 401 in 46ms (next.js: 13ms, proxy.ts: 8ms, application-code: 25ms)
prisma:query SELECT "public"."Tenant"."id", "public"."Tenant"."slug", "public"."Tenant"."isActive" FROM "public"."Tenant" WHERE ("public"."Tenant"."slug" = $1 AND 1=1) LIMIT $2 OFFSET $3
❌ tRPC failed on ai.createConversation: Você precisa estar logado para acessar este recurso.
 POST /api/trpc/ai.createConversation?batch=1 401 in 33ms (next.js: 7ms, proxy.ts: 3ms, application-code: 23ms)
prisma:query SELECT "public"."Tenant"."id", "public"."Tenant"."slug", "public"."Tenant"."isActive" FROM "public"."Tenant" WHERE ("public"."Tenant"."slug" = $1 AND 1=1) LIMIT $2 OFFSET $3
❌ tRPC failed on ai.createConversation: Você precisa estar logado para acessar este recurso.
 POST /api/trpc/ai.createConversation?batch=1 401 in 32ms (next.js: 5ms, proxy.ts: 3ms, application-code: 24ms)
 GET / 200 in 55ms (next.js: 14ms, proxy.ts: 9ms, application-code: 32ms)
 GET /about 200 in 47ms (next.js: 5ms, proxy.ts: 5ms, application-code: 37ms)
 GET /ai 200 in 43ms (next.js: 9ms, proxy.ts: 9ms, application-code: 24ms)
prisma:query SELECT "public"."Tenant"."id", "public"."Tenant"."slug", "public"."Tenant"."isActive" FROM "public"."Tenant" WHERE ("public"."Tenant"."slug" = $1 AND 1=1) LIMIT $2 OFFSET $3
❌ tRPC failed on ai.listConversations: Você precisa estar logado para acessar este recurso.
 GET /api/trpc/ai.listConversations?batch=1&input=%7B%220%22%3A%7B%22json%22%3Anull%2C%22meta%22%3A%7B%22values%22%3A%5B%22undefined%22%5D%2C%22v%22%3A1%7D%7D%7D 401 in 105ms (next.js: 21ms, proxy.ts: 6ms, application-code: 78ms)
prisma:query SELECT "public"."Tenant"."id", "public"."Tenant"."slug", "public"."Tenant"."isActive" FROM "public"."Tenant" WHERE ("public"."Tenant"."slug" = $1 AND 1=1) LIMIT $2 OFFSET $3
❌ tRPC failed on ai.listConversations: Você precisa estar logado para acessar este recurso.
 GET /api/trpc/ai.listConversations?batch=1&input=%7B%220%22%3A%7B%22json%22%3Anull%2C%22meta%22%3A%7B%22values%22%3A%5B%22undefined%22%5D%2C%22v%22%3A1%7D%7D%7D 401 in 36ms (next.js: 8ms, proxy.ts: 4ms, application-code: 25ms)
prisma:query SELECT "public"."Tenant"."id", "public"."Tenant"."slug", "public"."Tenant"."isActive" FROM "public"."Tenant" WHERE ("public"."Tenant"."slug" = $1 AND 1=1) LIMIT $2 OFFSET $3
❌ tRPC failed on ai.createConversation: Você precisa estar logado para acessar este recurso.
 POST /api/trpc/ai.createConversation?batch=1 401 in 75ms (next.js: 29ms, proxy.ts: 10ms, application-code: 36ms)
prisma:query SELECT "public"."Tenant"."id", "public"."Tenant"."slug", "public"."Tenant"."isActive" FROM "public"."Tenant" WHERE ("public"."Tenant"."slug" = $1 AND 1=1) LIMIT $2 OFFSET $3
❌ tRPC failed on ai.createConversation: Você precisa estar logado para acessar este recurso.
 POST /api/trpc/ai.createConversation?batch=1 401 in 61ms (next.js: 25ms, proxy.ts: 8ms, application-code: 28ms)
 GET /register 200 in 104ms (next.js: 71ms, proxy.ts: 8ms, application-code: 25ms)
prisma:query SELECT "public"."User"."id", "public"."User"."name", "public"."User"."email", "public"."User"."emailVerified", "public"."User"."image", "public"."User"."phone", "public"."User"."bio", "public"."User"."passwordHash", "public"."User"."isActive", "public"."User"."lastLoginAt", "public"."User"."createdAt", "public"."User"."updatedAt" FROM "public"."User" WHERE ("public"."User"."email" = $1 AND 1=1) LIMIT $2 OFFSET $3
 POST /api/auth/register 400 in 119ms (next.js: 49ms, proxy.ts: 8ms, application-code: 63ms)
prisma:query SELECT "public"."User"."id", "public"."User"."name", "public"."User"."email", "public"."User"."emailVerified", "public"."User"."image", "public"."User"."phone", "public"."User"."bio", "public"."User"."passwordHash", "public"."User"."isActive", "public"."User"."lastLoginAt", "public"."User"."createdAt", "public"."User"."updatedAt" FROM "public"."User" WHERE ("public"."User"."email" = $1 AND 1=1) LIMIT $2 OFFSET $3
 POST /api/auth/register 400 in 28ms (next.js: 7ms, proxy.ts: 9ms, application-code: 12ms)
 GET /login 200 in 121ms (next.js: 95ms, proxy.ts: 5ms, application-code: 21ms)
